\BOOKMARK [0][-]{chapter.1}{\376\377\000P\000r\000e\000f\000a\000c\000e}{}% 1
\BOOKMARK [0][-]{chapter.2}{\376\377\000C\000h\000a\000p\000t\000e\000r\000\040\0001\000:\000\040\000I\000n\000t\000r\000o\000d\000u\000c\000t\000i\000o\000n}{}% 2
\BOOKMARK [1][-]{section.2.1}{\376\377\0001\000.\0001\000\040\000M\000a\000r\000k\000e\000t\000\040\000L\000a\000n\000d\000s\000c\000a\000p\000e}{chapter.2}% 3
\BOOKMARK [1][-]{section.2.2}{\376\377\0001\000.\0002\000\040\000T\000e\000c\000h\000n\000i\000c\000a\000l\000\040\000L\000a\000n\000d\000s\000c\000a\000p\000e}{chapter.2}% 4
\BOOKMARK [1][-]{section.2.3}{\376\377\0001\000.\0003\000\040\000S\000D\000N\000:\000\040\000A\000\040\000D\000e\000f\000i\000n\000i\000t\000i\000o\000n}{chapter.2}% 5
\BOOKMARK [0][-]{chapter.3}{\376\377\000C\000h\000a\000p\000t\000e\000r\000\040\0002\000:\000\040\000U\000s\000e\000\040\000C\000a\000s\000e\000s}{}% 6
\BOOKMARK [1][-]{section.3.1}{\376\377\0002\000.\0001\000\040\000V\000i\000r\000t\000u\000a\000l\000\040\000N\000e\000t\000w\000o\000r\000k\000s}{chapter.3}% 7
\BOOKMARK [1][-]{section.3.2}{\376\377\0002\000.\0002\000\040\000S\000w\000i\000t\000c\000h\000i\000n\000g\000\040\000F\000a\000b\000r\000i\000c\000s}{chapter.3}% 8
\BOOKMARK [1][-]{section.3.3}{\376\377\0002\000.\0003\000\040\000W\000i\000d\000e\000-\000A\000r\000e\000a\000\040\000N\000e\000t\000w\000o\000r\000k\000s}{chapter.3}% 9
\BOOKMARK [1][-]{section.3.4}{\376\377\0002\000.\0004\000\040\000A\000c\000c\000e\000s\000s\000\040\000N\000e\000t\000w\000o\000r\000k\000s}{chapter.3}% 10
\BOOKMARK [1][-]{section.3.5}{\376\377\0002\000.\0005\000\040\000N\000e\000t\000w\000o\000r\000k\000\040\000T\000e\000l\000e\000m\000e\000t\000r\000y}{chapter.3}% 11
\BOOKMARK [0][-]{chapter.4}{\376\377\000C\000h\000a\000p\000t\000e\000r\000\040\0003\000:\000\040\000B\000a\000s\000i\000c\000\040\000A\000r\000c\000h\000i\000t\000e\000c\000t\000u\000r\000e}{}% 12
\BOOKMARK [1][-]{section.4.1}{\376\377\0003\000.\0001\000\040\000S\000o\000f\000t\000w\000a\000r\000e\000\040\000S\000t\000a\000c\000k}{chapter.4}% 13
\BOOKMARK [1][-]{section.4.2}{\376\377\0003\000.\0002\000\040\000W\000h\000i\000t\000e\000-\000B\000o\000x\000\040\000S\000w\000i\000t\000c\000h}{chapter.4}% 14
\BOOKMARK [1][-]{section.4.3}{\376\377\0003\000.\0003\000\040\000S\000w\000i\000t\000c\000h\000\040\000O\000S}{chapter.4}% 15
\BOOKMARK [1][-]{section.4.4}{\376\377\0003\000.\0004\000\040\000N\000e\000t\000w\000o\000r\000k\000\040\000O\000S}{chapter.4}% 16
\BOOKMARK [1][-]{section.4.5}{\376\377\0003\000.\0005\000\040\000L\000e\000a\000f\000-\000S\000p\000i\000n\000e\000\040\000F\000a\000b\000r\000i\000c}{chapter.4}% 17
\BOOKMARK [0][-]{chapter.5}{\376\377\000C\000h\000a\000p\000t\000e\000r\000\040\0004\000:\000\040\000W\000h\000i\000t\000e\000-\000B\000o\000x\000\040\000S\000w\000i\000t\000c\000h\000e\000s}{}% 18
\BOOKMARK [1][-]{section.5.1}{\376\377\0004\000.\0001\000\040\000S\000w\000i\000t\000c\000h\000-\000L\000e\000v\000e\000l\000\040\000S\000c\000h\000e\000m\000a\000t\000i\000c}{chapter.5}% 19
\BOOKMARK [1][-]{section.5.2}{\376\377\0004\000.\0002\000\040\000F\000o\000r\000w\000a\000r\000d\000i\000n\000g\000\040\000P\000i\000p\000e\000l\000i\000n\000e}{chapter.5}% 20
\BOOKMARK [1][-]{section.5.3}{\376\377\0004\000.\0003\000\040\000A\000b\000s\000t\000r\000a\000c\000t\000i\000n\000g\000\040\000t\000h\000e\000\040\000P\000i\000p\000e\000l\000i\000n\000e}{chapter.5}% 21
\BOOKMARK [1][-]{section.5.4}{\376\377\0004\000.\0004\000\040\000P\0004\000\040\000P\000r\000o\000g\000r\000a\000m\000s}{chapter.5}% 22
\BOOKMARK [1][-]{section.5.5}{\376\377\0004\000.\0005\000\040\000F\000i\000x\000e\000d\000-\000F\000u\000n\000c\000t\000i\000o\000n\000\040\000P\000i\000p\000e\000l\000i\000n\000e\000s}{chapter.5}% 23
\BOOKMARK [1][-]{section.5.6}{\376\377\0004\000.\0006\000\040\000C\000o\000m\000p\000a\000r\000i\000s\000o\000n}{chapter.5}% 24
\BOOKMARK [0][-]{chapter.6}{\376\377\000C\000h\000a\000p\000t\000e\000r\000\040\0005\000:\000\040\000S\000w\000i\000t\000c\000h\000\040\000O\000S}{}% 25
\BOOKMARK [1][-]{section.6.1}{\376\377\0005\000.\0001\000\040\000T\000h\000i\000n\000\040\000S\000w\000i\000t\000c\000h\000\040\000O\000S}{chapter.6}% 26
\BOOKMARK [1][-]{section.6.2}{\376\377\0005\000.\0002\000\040\000P\0004\000R\000u\000n\000t\000i\000m\000e}{chapter.6}% 27
\BOOKMARK [1][-]{section.6.3}{\376\377\0005\000.\0003\000\040\000g\000N\000M\000I\000\040\000a\000n\000d\000\040\000g\000N\000O\000I}{chapter.6}% 28
\BOOKMARK [1][-]{section.6.4}{\376\377\0005\000.\0004\000\040\000S\000O\000N\000i\000C}{chapter.6}% 29
\BOOKMARK [0][-]{chapter.7}{\376\377\000C\000h\000a\000p\000t\000e\000r\000\040\0006\000:\000\040\000N\000e\000t\000w\000o\000r\000k\000\040\000O\000S}{}% 30
\BOOKMARK [1][-]{section.7.1}{\376\377\0006\000.\0001\000\040\000O\000N\000O\000S\000\040\000A\000r\000c\000h\000i\000t\000e\000c\000t\000u\000r\000e}{chapter.7}% 31
\BOOKMARK [1][-]{section.7.2}{\376\377\0006\000.\0002\000\040\000D\000i\000s\000t\000r\000i\000b\000u\000t\000e\000d\000\040\000C\000o\000r\000e}{chapter.7}% 32
\BOOKMARK [1][-]{section.7.3}{\376\377\0006\000.\0003\000\040\000N\000o\000r\000t\000h\000b\000o\000u\000n\000d\000\040\000I\000n\000t\000e\000r\000f\000a\000c\000e}{chapter.7}% 33
\BOOKMARK [1][-]{section.7.4}{\376\377\0006\000.\0004\000\040\000S\000o\000u\000t\000h\000b\000o\000u\000n\000d\000\040\000I\000n\000t\000e\000r\000f\000a\000c\000e}{chapter.7}% 34
\BOOKMARK [1][-]{section.7.5}{\376\377\0006\000.\0005\000\040\000S\000c\000a\000l\000a\000b\000l\000e\000\040\000P\000e\000r\000f\000o\000r\000m\000a\000n\000c\000e}{chapter.7}% 35
\BOOKMARK [0][-]{chapter.8}{\376\377\000C\000h\000a\000p\000t\000e\000r\000\040\0007\000:\000\040\000L\000e\000a\000f\000-\000S\000p\000i\000n\000e\000\040\000F\000a\000b\000r\000i\000c}{}% 36
\BOOKMARK [1][-]{section.8.1}{\376\377\0007\000.\0001\000\040\000F\000e\000a\000t\000u\000r\000e\000\040\000S\000e\000t}{chapter.8}% 37
\BOOKMARK [1][-]{section.8.2}{\376\377\0007\000.\0002\000\040\000S\000e\000g\000m\000e\000n\000t\000\040\000R\000o\000u\000t\000i\000n\000g}{chapter.8}% 38
\BOOKMARK [1][-]{section.8.3}{\376\377\0007\000.\0003\000\040\000R\000o\000u\000t\000e\000s\000\040\000a\000n\000d\000\040\000M\000u\000l\000t\000i\000c\000a\000s\000t}{chapter.8}% 39
\BOOKMARK [1][-]{section.8.4}{\376\377\0007\000.\0004\000\040\000C\000u\000s\000t\000o\000m\000i\000z\000e\000d\000\040\000F\000o\000r\000w\000a\000r\000d\000i\000n\000g}{chapter.8}% 40
\BOOKMARK [0][-]{chapter.9}{\376\377\000C\000h\000a\000p\000t\000e\000r\000\040\0008\000:\000\040\000F\000u\000t\000u\000r\000e\000\040\000o\000f\000\040\000S\000D\000N}{}% 41
\BOOKMARK [1][-]{section.9.1}{\376\377\0008\000.\0001\000\040\000V\000e\000r\000i\000f\000i\000a\000b\000l\000e\000\040\000N\000e\000t\000w\000o\000r\000k\000s}{chapter.9}% 42
\BOOKMARK [1][-]{section.9.2}{\376\377\0008\000.\0002\000\040\000S\000D\000-\000R\000A\000N}{chapter.9}% 43
\BOOKMARK [0][-]{chapter.10}{\376\377\000H\000a\000n\000d\000s\000-\000o\000n\000\040\000P\000r\000o\000g\000r\000a\000m\000m\000i\000n\000g}{}% 44
\BOOKMARK [1][-]{section.10.1}{\376\377\000E\000n\000v\000i\000r\000o\000n\000m\000e\000n\000t}{chapter.10}% 45
\BOOKMARK [1][-]{section.10.2}{\376\377\000E\000x\000e\000r\000c\000i\000s\000e\000s}{chapter.10}% 46
\BOOKMARK [0][-]{chapter.11}{\376\377\000A\000b\000o\000u\000t\000\040\000T\000h\000i\000s\000\040\000B\000o\000o\000k}{}% 47
\BOOKMARK [1][-]{section.11.1}{\376\377\000R\000e\000a\000d\000\040\000t\000h\000e\000\040\000B\000o\000o\000k}{chapter.11}% 48
\BOOKMARK [1][-]{section.11.2}{\376\377\000B\000u\000i\000l\000d\000\040\000t\000h\000e\000\040\000B\000o\000o\000k}{chapter.11}% 49
\BOOKMARK [1][-]{section.11.3}{\376\377\000C\000o\000n\000t\000r\000i\000b\000u\000t\000e\000\040\000t\000o\000\040\000t\000h\000e\000\040\000B\000o\000o\000k}{chapter.11}% 50
